<?xml version="1.0" encoding="UTF-8"?>
<testsuite xmlns:xsi="http://www.w3.org/2001/XMLSchema-instance" xsi:noNamespaceSchemaLocation="https://maven.apache.org/surefire/maven-surefire-plugin/xsd/surefire-test-report-3.0.xsd" version="3.0" name="com.demo.usermanagement.UserManagementApplicationTests" time="11.957" tests="1" errors="0" skipped="0" failures="0">
  <properties>
[...]
</properties>
  <testcase name="contextLoads" classname="com.demo.usermanagement.UserManagementApplicationTests" time="0.94">
    <system-out><![CDATA[11:38:37.958 [main] INFO org.springframework.test.context.support.AnnotationConfigContextLoaderUtils -- Could not detect default configuration classes for test class [com.demo.usermanagement.UserManagementApplicationTests]: UserManagementApplicationTests does not declare any static, non-private, non-final, nested classes annotated with @Configuration.
11:38:38.117 [main] INFO org.springframework.boot.test.context.SpringBootTestContextBootstrapper -- Found @SpringBootConfiguration com.demo.usermanagement.UserManagementApplication for test class com.demo.usermanagement.UserManagementApplicationTests

  .   ____          _            __ _ _
 /\\ / ___'_ __ _ _(_)_ __  __ _ \ \ \ \
( ( )\___ | '_ | '_| | '_ \/ _` | \ \ \ \
 \\/  ___)| |_)| | | | | || (_| |  ) ) ) )
  '  |____| .__|_| |_|_| |_\__, | / / / /
 =========|_|==============|___/=/_/_/_/
 :: Spring Boot ::                (v3.2.5)

2026-05-03 11:38:38 INFO  [main] c.d.u.UserManagementApplicationTests - Starting UserManagementApplicationTests using Java 21.0.1 with PID 9144 (started by Makarand in D:\Training\TCS\Accelerate Azure Development with GitHub\Artifact\Workspace\Demo\user-management)
2026-05-03 11:38:38 DEBUG [main] c.d.u.UserManagementApplicationTests - Running with Spring Boot v3.2.5, Spring v6.1.6
2026-05-03 11:38:38 INFO  [main] c.d.u.UserManagementApplicationTests - No active profile set, falling back to 1 default profile: "default"
2026-05-03 11:38:40 INFO  [main] o.s.d.r.c.RepositoryConfigurationDelegate - Bootstrapping Spring Data JPA repositories in DEFAULT mode.
2026-05-03 11:38:40 INFO  [main] o.s.d.r.c.RepositoryConfigurationDelegate - Finished Spring Data repository scanning in 51 ms. Found 1 JPA repository interface.
2026-05-03 11:38:42 INFO  [main] o.h.jpa.internal.util.LogHelper - HHH000204: Processing PersistenceUnitInfo [name: default]
2026-05-03 11:38:42 INFO  [main] org.hibernate.Version - HHH000412: Hibernate ORM core version 6.4.4.Final
2026-05-03 11:38:42 INFO  [main] o.h.c.i.RegionFactoryInitiator - HHH000026: Second-level cache disabled
2026-05-03 11:38:43 INFO  [main] o.s.o.j.p.SpringPersistenceUnitInfo - No LoadTimeWeaver setup: ignoring JPA class transformer
2026-05-03 11:38:43 INFO  [main] com.zaxxer.hikari.HikariDataSource - HikariPool-1 - Starting...
2026-05-03 11:38:43 INFO  [main] com.zaxxer.hikari.pool.HikariPool - HikariPool-1 - Added connection conn0: url=jdbc:h2:mem:userdb user=SA
2026-05-03 11:38:43 INFO  [main] com.zaxxer.hikari.HikariDataSource - HikariPool-1 - Start completed.
2026-05-03 11:38:43 WARN  [main] org.hibernate.orm.deprecation - HHH90000025: H2Dialect does not need to be specified explicitly using 'hibernate.dialect' (remove the property setting and it will be selected by default)
2026-05-03 11:38:44 INFO  [main] o.h.e.t.j.p.i.JtaPlatformInitiator - HHH000489: No JTA platform available (set 'hibernate.transaction.jta.platform' to enable JTA platform integration)
2026-05-03 11:38:44 DEBUG [main] org.hibernate.SQL - 
    drop table if exists users cascade 
Hibernate: 
    drop table if exists users cascade 
2026-05-03 11:38:44 DEBUG [main] org.hibernate.SQL - 
    create table users (
        id bigint generated by default as identity,
        email varchar(255) not null unique,
        name varchar(255) not null,
        password varchar(255) not null,
        role varchar(255) not null,
        primary key (id)
    )
Hibernate: 
    create table users (
        id bigint generated by default as identity,
        email varchar(255) not null unique,
        name varchar(255) not null,
        password varchar(255) not null,
        role varchar(255) not null,
        primary key (id)
    )
2026-05-03 11:38:44 INFO  [main] o.s.o.j.LocalContainerEntityManagerFactoryBean - Initialized JPA EntityManagerFactory for persistence unit 'default'
2026-05-03 11:38:45 INFO  [main] o.s.d.j.r.query.QueryEnhancerFactory - Hibernate is in classpath; If applicable, HQL parser will be used.
2026-05-03 11:38:45 WARN  [main] o.s.b.a.o.j.JpaBaseConfiguration$JpaWebConfiguration - spring.jpa.open-in-view is enabled by default. Therefore, database queries may be performed during view rendering. Explicitly configure spring.jpa.open-in-view to disable this warning
2026-05-03 11:38:45 WARN  [main] c.d.u.config.SecurityConfig - Loaded hardcoded in-memory users: admin/admin123, user/password. FOR DEMO ONLY.
2026-05-03 11:38:47 INFO  [main] o.s.b.a.e.web.EndpointLinksResolver - Exposing 13 endpoint(s) beneath base path '/actuator'
2026-05-03 11:38:47 WARN  [main] c.d.u.config.SecurityConfig - INSECURE SecurityConfig loaded - CSRF disabled, all endpoints open. FOR DEMO ONLY.
2026-05-03 11:38:47 INFO  [main] o.s.s.web.DefaultSecurityFilterChain - Will secure any request with [org.springframework.security.web.session.DisableEncodeUrlFilter@386b4f7e, org.springframework.security.web.context.request.async.WebAsyncManagerIntegrationFilter@4c131823, org.springframework.security.web.context.SecurityContextHolderFilter@6ae1d5f1, org.springframework.security.web.header.HeaderWriterFilter@40d0bff1, org.springframework.web.filter.CorsFilter@2453cbb7, org.springframework.security.web.authentication.logout.LogoutFilter@2bcaec2e, org.springframework.security.web.authentication.www.BasicAuthenticationFilter@2f349170, org.springframework.security.web.savedrequest.RequestCacheAwareFilter@4ce9985f, org.springframework.security.web.servletapi.SecurityContextHolderAwareRequestFilter@625430f8, org.springframework.security.web.authentication.AnonymousAuthenticationFilter@68fb6c1e, org.springframework.security.web.access.ExceptionTranslationFilter@27f6854b, org.springframework.security.web.access.intercept.AuthorizationFilter@564e0a6c]
2026-05-03 11:38:48 INFO  [main] o.s.b.a.h.H2ConsoleAutoConfiguration - H2 console available at '/h2-console'. Database available at 'jdbc:h2:mem:userdb'
2026-05-03 11:38:48 INFO  [main] c.d.u.UserManagementApplicationTests - Started UserManagementApplicationTests in 10.25 seconds (process running for 11.591)
]]></system-out>
    <system-err><![CDATA[WARNING: A Java agent has been loaded dynamically (C:\Users\Makarand\.m2\repository\net\bytebuddy\byte-buddy-agent\1.14.13\byte-buddy-agent-1.14.13.jar)
WARNING: If a serviceability tool is in use, please run with -XX:+EnableDynamicAgentLoading to hide this warning
WARNING: If a serviceability tool is not in use, please run with -Djdk.instrument.traceUsage for more information
WARNING: Dynamic loading of agents will be disallowed by default in a future release
]]></system-err>
  </testcase>
</testsuite>